  [1m[35m (1141.5ms)[0m  [1m[35mCREATE DATABASE "stack_overflow_clone_development" ENCODING = 'unicode'[0m
  ↳ bin/rails:9
  [1m[35m (585.0ms)[0m  [1m[35mCREATE DATABASE "stack_overflow_clone_test" ENCODING = 'unicode'[0m
  ↳ bin/rails:9
Started GET "/" for ::1 at 2020-06-01 18:26:24 -0400
Started GET "/" for ::1 at 2020-06-01 18:26:24 -0400
Started GET "/" for ::1 at 2020-06-01 18:35:37 -0400

ActionController::RoutingError - uninitialized constant StaticPagesController:

Started POST "/__better_errors/1f9d05a581a4530d/variables" for ::1 at 2020-06-01 18:35:38 -0400
Started GET "/" for ::1 at 2020-06-01 18:38:34 -0400
Processing by StaticPagesController#root as HTML
  Rendering static_pages/root.html within layouts/application
  Rendered static_pages/root.html within layouts/application (2.1ms)
Completed 200 OK in 1615ms (Views: 1605.0ms | ActiveRecord: 0.0ms)


Started GET "/" for ::1 at 2020-06-01 19:15:38 -0400
Processing by StaticPagesController#root as HTML
  Rendering static_pages/root.html within layouts/application
  Rendered static_pages/root.html within layouts/application (3.0ms)
Completed 200 OK in 1296ms (Views: 1278.2ms | ActiveRecord: 0.0ms)


Started GET "/" for ::1 at 2020-06-01 19:15:45 -0400
Processing by StaticPagesController#root as HTML
  Rendering static_pages/root.html within layouts/application
  Rendered static_pages/root.html within layouts/application (0.4ms)
Completed 200 OK in 376ms (Views: 372.4ms | ActiveRecord: 0.0ms)


Started GET "/" for ::1 at 2020-06-01 19:15:47 -0400
Processing by StaticPagesController#root as HTML
  Rendering static_pages/root.html within layouts/application
  Rendered static_pages/root.html within layouts/application (0.4ms)
Completed 200 OK in 36ms (Views: 33.0ms | ActiveRecord: 0.0ms)


Started GET "/" for ::1 at 2020-06-01 19:15:50 -0400
Processing by StaticPagesController#root as HTML
  Rendering static_pages/root.html within layouts/application
  Rendered static_pages/root.html within layouts/application (0.3ms)
Completed 200 OK in 170ms (Views: 162.1ms | ActiveRecord: 0.0ms)


Started GET "/" for ::1 at 2020-06-01 19:16:16 -0400
Processing by StaticPagesController#root as HTML
  Rendering static_pages/root.html within layouts/application
  Rendered static_pages/root.html within layouts/application (0.4ms)
Completed 200 OK in 59ms (Views: 53.8ms | ActiveRecord: 0.0ms)


Started GET "/" for ::1 at 2020-06-01 19:16:28 -0400
Processing by StaticPagesController#root as HTML
  Rendering static_pages/root.html within layouts/application
  Rendered static_pages/root.html within layouts/application (1.2ms)
Completed 200 OK in 53ms (Views: 45.2ms | ActiveRecord: 0.0ms)


Started GET "/" for ::1 at 2020-06-01 19:17:10 -0400
Processing by StaticPagesController#root as HTML
  Rendering static_pages/root.html within layouts/application
  Rendered static_pages/root.html within layouts/application (0.3ms)
Completed 200 OK in 358ms (Views: 353.7ms | ActiveRecord: 0.0ms)


Started GET "/" for ::1 at 2020-06-01 19:17:11 -0400
Processing by StaticPagesController#root as HTML
  Rendering static_pages/root.html within layouts/application
  Rendered static_pages/root.html within layouts/application (0.3ms)
Completed 200 OK in 35ms (Views: 31.5ms | ActiveRecord: 0.0ms)


Started GET "/" for ::1 at 2020-06-01 19:17:12 -0400
Processing by StaticPagesController#root as HTML
  Rendering static_pages/root.html within layouts/application
  Rendered static_pages/root.html within layouts/application (0.3ms)
Completed 200 OK in 32ms (Views: 28.1ms | ActiveRecord: 0.0ms)


Started GET "/" for ::1 at 2020-06-01 19:17:34 -0400
Processing by StaticPagesController#root as HTML
  Rendering static_pages/root.html within layouts/application
  Rendered static_pages/root.html within layouts/application (0.3ms)
Completed 200 OK in 395ms (Views: 390.9ms | ActiveRecord: 0.0ms)


Started GET "/" for ::1 at 2020-06-01 19:18:03 -0400
Processing by StaticPagesController#root as HTML
  Rendering static_pages/root.html within layouts/application
  Rendered static_pages/root.html within layouts/application (0.4ms)
Completed 200 OK in 353ms (Views: 348.5ms | ActiveRecord: 0.0ms)


Started GET "/" for ::1 at 2020-06-01 19:18:04 -0400
Processing by StaticPagesController#root as HTML
  Rendering static_pages/root.html within layouts/application
  Rendered static_pages/root.html within layouts/application (0.3ms)
Completed 200 OK in 36ms (Views: 32.1ms | ActiveRecord: 0.0ms)


Started GET "/" for ::1 at 2020-06-01 19:18:24 -0400
Processing by StaticPagesController#root as HTML
  Rendering static_pages/root.html within layouts/application
  Rendered static_pages/root.html within layouts/application (0.4ms)
Completed 200 OK in 29ms (Views: 26.0ms | ActiveRecord: 0.0ms)


Started GET "/" for ::1 at 2020-06-01 19:18:48 -0400
Processing by StaticPagesController#root as HTML
  Rendering static_pages/root.html within layouts/application
  Rendered static_pages/root.html within layouts/application (0.5ms)
Completed 200 OK in 310ms (Views: 306.5ms | ActiveRecord: 0.0ms)


